#
# A fatal error has been detected by the Java Runtime Environment:
#
#  EXCEPTION_ACCESS_VIOLATION (0xc0000005) at pc=0x0000000064f40d60, pid=4004, tid=5184
#
# JRE version: Java(TM) SE Runtime Environment (7.0_67-b01) (build 1.7.0_67-b01)
# Java VM: Java HotSpot(TM) 64-Bit Server VM (24.65-b04 mixed mode windows-amd64 compressed oops)
# Problematic frame:
# V  [jvm.dll+0x40d60]
#
# Failed to write core dump. Minidumps are not enabled by default on client versions of Windows
#
# If you would like to submit a bug report, please visit:
#   http://bugreport.sun.com/bugreport/crash.jsp
#

---------------  T H R E A D  ---------------

Current thread (0x00000000022a7800):  GCTaskThread [stack: 0x0000000006d00000,0x0000000006e00000] [id=5184]

siginfo: ExceptionCode=0xc0000005, reading address 0x0000000000000078

Registers:
RAX=0x0000000000000000, RBX=0x00000007badd24c0, RCX=0x00000007badd24c0, RDX=0x0000000000000070
RSP=0x0000000006dff1e8, RBP=0x0000000000000000, RSI=0x0000000010d500e0, RDI=0x00002e6a00001aaa
R8 =0x0000000010d500e0, R9 =0x0000000000000000, R10=0x0000000000000000, R11=0x000000070e03df70
R12=0x00000000654c6580, R13=0x0000000100000000, R14=0x0000000000000000, R15=0x00000000022a8110
RIP=0x0000000064f40d60, EFLAGS=0x0000000000010202

Top of Stack: (sp=0x0000000006dff1e8)
0x0000000006dff1e8:   00000000652a2c96 00000007bacd24c0
0x0000000006dff1f8:   0000000000000002 0000000010d500e0
0x0000000006dff208:   000007fefcf310dc 00000007cdc2f1f0
0x0000000006dff218:   00000000652a33a4 000000070e03c238
0x0000000006dff228:   0000000000000400 0000000000000000
0x0000000006dff238:   000000000229d301 00000000654c6580
0x0000000006dff248:   00000000652a3020 000000070e03dee4
0x0000000006dff258:   0000000000000000 0000000010d500e0
0x0000000006dff268:   00002e6a00001aaa 000000070e03dee4
0x0000000006dff278:   00000000652a3a65 00000007b4774e50
0x0000000006dff288:   0000000000000000 0000000010d500e0
0x0000000006dff298:   0000000064fef0f3 00002e6a00001aaa
0x0000000006dff2a8:   00000007c63ad421 00001c9a00001dd3
0x0000000006dff2b8:   00002e6a00001aaa 000000001d61bce0
0x0000000006dff2c8:   00002e6900001aaa 00001c9a00001dd4
0x0000000006dff2d8:   0000293b00001341 00000000022a8100 

Instructions: (pc=0x0000000064f40d60)
0x0000000064f40d40:   0d 44 0f b7 c0 48 83 c1 40 e8 62 4e 51 00 48 83
0x0000000064f40d50:   c4 28 c3 cc cc cc cc cc cc cc cc cc cc cc cc cc
0x0000000064f40d60:   44 8b 42 08 4c 8b ca 45 85 c0 7e 0e 41 f6 c0 01
0x0000000064f40d70:   75 57 41 c1 f8 03 41 8b c0 c3 79 4d 80 3d 15 32 


Register to memory mapping:

RAX=0x0000000000000000 is an unknown value
RBX=0x00000007badd24c0 is an unknown value
RCX=0x00000007badd24c0 is an unknown value
RDX=0x0000000000000070 is an unknown value
RSP=0x0000000006dff1e8 is an unknown value
RBP=0x0000000000000000 is an unknown value
RSI=0x0000000010d500e0 is an unknown value
RDI=0x00002e6a00001aaa is an unknown value
R8 =0x0000000010d500e0 is an unknown value
R9 =0x0000000000000000 is an unknown value
R10=0x0000000000000000 is an unknown value
R11=0x000000070e03df70 is an oop
[Ljava.util.HashMap$Entry; 
 - klass: 'java/util/HashMap$Entry'[]
 - length: 16
R12=0x00000000654c6580 is an unknown value
R13=0x0000000100000000 is an unknown value
R14=0x0000000000000000 is an unknown value
R15=0x00000000022a8110 is an unknown value


Stack: [0x0000000006d00000,0x0000000006e00000],  sp=0x0000000006dff1e8,  free space=1020k
Native frames: (J=compiled Java code, j=interpreted, Vv=VM code, C=native code)
V  [jvm.dll+0x40d60]

[error occurred during error reporting (printing native stack), id 0xc0000005]


---------------  P R O C E S S  ---------------

Java Threads: ( => current thread )
  0x00000000161ff800 JavaThread "TimerQueue" daemon [_thread_blocked, id=5564, stack(0x000000001d040000,0x000000001d140000)]
  0x0000000016479000 JavaThread "D3D Screen Updater" daemon [_thread_blocked, id=4892, stack(0x000000001c6d0000,0x000000001c7d0000)]
  0x0000000015e59800 JavaThread "AWT-EventQueue-0" [_thread_blocked, id=4300, stack(0x000000001a8e0000,0x000000001a9e0000)]
  0x0000000015e59000 JavaThread "AWT-Shutdown" [_thread_blocked, id=4136, stack(0x0000000018a40000,0x0000000018b40000)]
  0x0000000015fa3000 JavaThread "main-FPSAWTAnimator#00-Timer0" [_thread_blocked, id=996, stack(0x000000001bca0000,0x000000001bda0000)]
  0x000000001101f000 JavaThread "main-SharedResourceRunner" daemon [_thread_blocked, id=3568, stack(0x0000000017010000,0x0000000017110000)]
  0x0000000010fc8000 JavaThread "AWT-Windows" daemon [_thread_in_native, id=3952, stack(0x0000000013380000,0x0000000013480000)]
  0x0000000010f40000 JavaThread "Java2D Disposer" daemon [_thread_blocked, id=3760, stack(0x0000000012f70000,0x0000000013070000)]
  0x0000000010d9a000 JavaThread "Service Thread" daemon [_thread_blocked, id=5252, stack(0x0000000012790000,0x0000000012890000)]
  0x0000000010d98800 JavaThread "C2 CompilerThread1" daemon [_thread_blocked, id=4196, stack(0x00000000123b0000,0x00000000124b0000)]
  0x000000000fcf4800 JavaThread "C2 CompilerThread0" daemon [_thread_blocked, id=6140, stack(0x00000000124c0000,0x00000000125c0000)]
  0x000000000fcf3800 JavaThread "Attach Listener" daemon [_thread_blocked, id=4748, stack(0x00000000067f0000,0x00000000068f0000)]
  0x000000000fcf2800 JavaThread "Signal Dispatcher" daemon [_thread_blocked, id=3584, stack(0x0000000012230000,0x0000000012330000)]
  0x000000000fce1800 JavaThread "Finalizer" daemon [_thread_blocked, id=4172, stack(0x0000000011d30000,0x0000000011e30000)]
  0x0000000002319800 JavaThread "Reference Handler" daemon [_thread_blocked, id=6132, stack(0x0000000012030000,0x0000000012130000)]
  0x000000000010f800 JavaThread "main" [_thread_blocked, id=5288, stack(0x00000000024c0000,0x00000000025c0000)]

Other Threads:
  0x0000000010d53000 VMThread [stack: 0x0000000011e30000,0x0000000011f30000] [id=1084]
  0x0000000010dab000 WatcherThread [stack: 0x0000000012890000,0x0000000012990000] [id=5420]

=>0x00000000022a7800 (exited) GCTaskThread [stack: 0x0000000006d00000,0x0000000006e00000] [id=5184]

VM state:at safepoint (normal execution)

VM Mutex/Monitor currently owned by a thread:  ([mutex/lock_event])
[0x000000000010d9e0] Threads_lock - owner thread: 0x0000000010d53000
[0x000000000010dee0] Heap_lock - owner thread: 0x0000000015e59800

Heap
 PSYoungGen      total 317440K, used 317437K [0x00000007aae00000, 0x00000007cde80000, 0x0000000800000000)
  eden space 236032K, 100% used [0x00000007aae00000,0x00000007b9480000,0x00000007b9480000)
  from space 81408K, 99% used [0x00000007b9480000,0x00000007be3ff6b0,0x00000007be400000)
  to   space 129024K, 99% used [0x00000007c6080000,0x00000007cde7f1f0,0x00000007cde80000)
 ParOldGen       total 306176K, used 268936K [0x0000000700a00000, 0x0000000713500000, 0x00000007aae00000)
  object space 306176K, 87% used [0x0000000700a00000,0x00000007110a2238,0x0000000713500000)
 PSPermGen       total 35328K, used 17546K [0x00000006fb800000, 0x00000006fda80000, 0x0000000700a00000)
  object space 35328K, 49% used [0x00000006fb800000,0x00000006fc922870,0x00000006fda80000)

Card table byte_map: [0x00000000055c0000,0x0000000005df0000] byte_map_base: 0x0000000001de4000

Polling page: 0x0000000000150000

Code Cache  [0x00000000025c0000, 0x0000000002830000, 0x00000000055c0000)
 total_blobs=1110 nmethods=341 adapters=721 free_code_cache=47649Kb largest_free_block=48760576

Compilation events (10 events):
Event: 8.275 Thread 0x000000000fcf4800 nmethod 337 0x0000000002704010 code [0x0000000002704140, 0x00000000027041b8]
Event: 8.275 Thread 0x000000000fcf4800  338             javax.swing.plaf.basic.BasicHTML::updateRenderer (89 bytes)
Event: 8.277 Thread 0x000000000fcf4800 nmethod 338 0x000000000272ba50 code [0x000000000272bbe0, 0x000000000272bda0]
Event: 8.277 Thread 0x000000000fcf4800  339             javax.swing.plaf.basic.BasicHTML::isHTMLString (49 bytes)
Event: 8.278 Thread 0x000000000fcf4800 nmethod 339 0x0000000002739390 code [0x0000000002739500, 0x0000000002739610]
Event: 8.278 Thread 0x000000000fcf4800  340 %           projectboarding.WizardWindow$SeatingWindow::<init> @ 230 (339 bytes)
Event: 8.278 Thread 0x0000000010d98800 nmethod 335 0x00000000026d6f50 code [0x00000000026d7140, 0x00000000026d7670]
Event: 8.286 Thread 0x000000000fcf4800 nmethod 340% 0x000000000273e150 code [0x000000000273e360, 0x000000000273ed60]
Event: 9.369 Thread 0x0000000010d98800  341             java.security.AccessControlContext::optimize (319 bytes)
Event: 9.376 Thread 0x0000000010d98800 nmethod 341 0x0000000002739f10 code [0x000000000273a080, 0x000000000273a888]

GC Heap History (10 events):
Event: 8.969 GC heap after
Heap after GC invocations=4 (full 0):
 PSYoungGen      total 142848K, used 10720K [0x00000007aae00000, 0x00000007b4400000, 0x0000000800000000)
  eden space 132096K, 0% used [0x00000007aae00000,0x00000007aae00000,0x00000007b2f00000)
  from space 10752K, 99% used [0x00000007b3980000,0x00000007b43f8398,0x00000007b4400000)
  to   space 10752K, 0% used [0x00000007b2f00000,0x00000007b2f00000,0x00000007b3980000)
 ParOldGen       total 174080K, used 81914K [0x0000000700a00000, 0x000000070b400000, 0x00000007aae00000)
  object space 174080K, 47% used [0x0000000700a00000,0x00000007059febc8,0x000000070b400000)
 PSPermGen       total 21504K, used 17552K [0x00000006fb800000, 0x00000006fcd00000, 0x0000000700a00000)
  object space 21504K, 81% used [0x00000006fb800000,0x00000006fc924028,0x00000006fcd00000)
}
Event: 9.539 GC heap before
{Heap before GC invocations=5 (full 0):
 PSYoungGen      total 142848K, used 142816K [0x00000007aae00000, 0x00000007b4400000, 0x0000000800000000)
  eden space 132096K, 100% used [0x00000007aae00000,0x00000007b2f00000,0x00000007b2f00000)
  from space 10752K, 99% used [0x00000007b3980000,0x00000007b43f8398,0x00000007b4400000)
  to   space 10752K, 0% used [0x00000007b2f00000,0x00000007b2f00000,0x00000007b3980000)
 ParOldGen       total 174080K, used 81914K [0x0000000700a00000, 0x000000070b400000, 0x00000007aae00000)
  object space 174080K, 47% used [0x0000000700a00000,0x00000007059febc8,0x000000070b400000)
 PSPermGen       total 21504K, used 17552K [0x00000006fb800000, 0x00000006fcd00000, 0x0000000700a00000)
  object space 21504K, 81% used [0x00000006fb800000,0x00000006fc924028,0x00000006fcd00000)
Event: 9.589 GC heap after
Heap after GC invocations=5 (full 0):
 PSYoungGen      total 142848K, used 10740K [0x00000007aae00000, 0x00000007c4400000, 0x0000000800000000)
  eden space 132096K, 0% used [0x00000007aae00000,0x00000007aae00000,0x00000007b2f00000)
  from space 10752K, 99% used [0x00000007b2f00000,0x00000007b397d170,0x00000007b3980000)
  to   space 75776K, 0% used [0x00000007bfa00000,0x00000007bfa00000,0x00000007c4400000)
 ParOldGen       total 174080K, used 140354K [0x0000000700a00000, 0x000000070b400000, 0x00000007aae00000)
  object space 174080K, 80% used [0x0000000700a00000,0x0000000709310bc8,0x000000070b400000)
 PSPermGen       total 21504K, used 17552K [0x00000006fb800000, 0x00000006fcd00000, 0x0000000700a00000)
  object space 21504K, 81% used [0x00000006fb800000,0x00000006fc924028,0x00000006fcd00000)
}
Event: 9.589 GC heap before
{Heap before GC invocations=6 (full 1):
 PSYoungGen      total 142848K, used 10740K [0x00000007aae00000, 0x00000007c4400000, 0x0000000800000000)
  eden space 132096K, 0% used [0x00000007aae00000,0x00000007aae00000,0x00000007b2f00000)
  from space 10752K, 99% used [0x00000007b2f00000,0x00000007b397d170,0x00000007b3980000)
  to   space 75776K, 0% used [0x00000007bfa00000,0x00000007bfa00000,0x00000007c4400000)
 ParOldGen       total 174080K, used 140354K [0x0000000700a00000, 0x000000070b400000, 0x00000007aae00000)
  object space 174080K, 80% used [0x0000000700a00000,0x0000000709310bc8,0x000000070b400000)
 PSPermGen       total 21504K, used 17552K [0x00000006fb800000, 0x00000006fcd00000, 0x0000000700a00000)
  object space 21504K, 81% used [0x00000006fb800000,0x00000006fc924028,0x00000006fcd00000)
Event: 10.068 GC heap after
Heap after GC invocations=6 (full 1):
 PSYoungGen      total 142848K, used 0K [0x00000007aae00000, 0x00000007c4400000, 0x0000000800000000)
  eden space 132096K, 0% used [0x00000007aae00000,0x00000007aae00000,0x00000007b2f00000)
  from space 10752K, 0% used [0x00000007b2f00000,0x00000007b2f00000,0x00000007b3980000)
  to   space 75776K, 0% used [0x00000007bfa00000,0x00000007bfa00000,0x00000007c4400000)
 ParOldGen       total 306176K, used 146312K [0x0000000700a00000, 0x0000000713500000, 0x00000007aae00000)
  object space 306176K, 47% used [0x0000000700a00000,0x00000007098e2238,0x0000000713500000)
 PSPermGen       total 35328K, used 17546K [0x00000006fb800000, 0x00000006fda80000, 0x0000000700a00000)
  object space 35328K, 49% used [0x00000006fb800000,0x00000006fc922870,0x00000006fda80000)
}
Event: 10.624 GC heap before
{Heap before GC invocations=7 (full 1):
 PSYoungGen      total 142848K, used 132096K [0x00000007aae00000, 0x00000007c4400000, 0x0000000800000000)
  eden space 132096K, 100% used [0x00000007aae00000,0x00000007b2f00000,0x00000007b2f00000)
  from space 10752K, 0% used [0x00000007b2f00000,0x00000007b2f00000,0x00000007b3980000)
  to   space 75776K, 0% used [0x00000007bfa00000,0x00000007bfa00000,0x00000007c4400000)
 ParOldGen       total 306176K, used 146312K [0x0000000700a00000, 0x0000000713500000, 0x00000007aae00000)
  object space 306176K, 47% used [0x0000000700a00000,0x00000007098e2238,0x0000000713500000)
 PSPermGen       total 35328K, used 17546K [0x00000006fb800000, 0x00000006fda80000, 0x0000000700a00000)
  object space 35328K, 49% used [0x00000006fb800000,0x00000006fc922870,0x00000006fda80000)
Event: 10.654 GC heap after
Heap after GC invocations=7 (full 1):
 PSYoungGen      total 261632K, used 58547K [0x00000007aae00000, 0x00000007c3380000, 0x0000000800000000)
  eden space 202752K, 0% used [0x00000007aae00000,0x00000007aae00000,0x00000007b7400000)
  from space 58880K, 99% used [0x00000007bfa00000,0x00000007c332cf30,0x00000007c3380000)
  to   space 81408K, 0% used [0x00000007b9480000,0x00000007b9480000,0x00000007be400000)
 ParOldGen       total 306176K, used 146312K [0x0000000700a00000, 0x0000000713500000, 0x00000007aae00000)
  object space 306176K, 47% used [0x0000000700a00000,0x00000007098e2238,0x0000000713500000)
 PSPermGen       total 35328K, used 17546K [0x00000006fb800000, 0x00000006fda80000, 0x0000000700a00000)
  object space 35328K, 49% used [0x00000006fb800000,0x00000006fc922870,0x00000006fda80000)
}
Event: 11.524 GC heap before
{Heap before GC invocations=8 (full 1):
 PSYoungGen      total 261632K, used 261299K [0x00000007aae00000, 0x00000007c3380000, 0x0000000800000000)
  eden space 202752K, 100% used [0x00000007aae00000,0x00000007b7400000,0x00000007b7400000)
  from space 58880K, 99% used [0x00000007bfa00000,0x00000007c332cf30,0x00000007c3380000)
  to   space 81408K, 0% used [0x00000007b9480000,0x00000007b9480000,0x00000007be400000)
 ParOldGen       total 306176K, used 146312K [0x0000000700a00000, 0x0000000713500000, 0x00000007aae00000)
  object space 306176K, 47% used [0x0000000700a00000,0x00000007098e2238,0x0000000713500000)
 PSPermGen       total 35328K, used 17546K [0x00000006fb800000, 0x00000006fda80000, 0x0000000700a00000)
  object space 35328K, 49% used [0x00000006fb800000,0x00000006fc922870,0x00000006fda80000)
Event: 11.595 GC heap after
Heap after GC invocations=8 (full 1):
 PSYoungGen      total 317440K, used 81405K [0x00000007aae00000, 0x00000007cde80000, 0x0000000800000000)
  eden space 236032K, 0% used [0x00000007aae00000,0x00000007aae00000,0x00000007b9480000)
  from space 81408K, 99% used [0x00000007b9480000,0x00000007be3ff6b0,0x00000007be400000)
  to   space 129024K, 0% used [0x00000007c6080000,0x00000007c6080000,0x00000007cde80000)
 ParOldGen       total 306176K, used 212808K [0x0000000700a00000, 0x0000000713500000, 0x00000007aae00000)
  object space 306176K, 69% used [0x0000000700a00000,0x000000070d9d2238,0x0000000713500000)
 PSPermGen       total 35328K, used 17546K [0x00000006fb800000, 0x00000006fda80000, 0x0000000700a00000)
  object space 35328K, 49% used [0x00000006fb800000,0x00000006fc922870,0x00000006fda80000)
}
Event: 12.603 GC heap before
{Heap before GC invocations=9 (full 1):
 PSYoungGen      total 317440K, used 317437K [0x00000007aae00000, 0x00000007cde80000, 0x0000000800000000)
  eden space 236032K, 100% used [0x00000007aae00000,0x00000007b9480000,0x00000007b9480000)
  from space 81408K, 99% used [0x00000007b9480000,0x00000007be3ff6b0,0x00000007be400000)
  to   space 129024K, 0% used [0x00000007c6080000,0x00000007c6080000,0x00000007cde80000)
 ParOldGen       total 306176K, used 212808K [0x0000000700a00000, 0x0000000713500000, 0x00000007aae00000)
  object space 306176K, 69% used [0x0000000700a00000,0x000000070d9d2238,0x0000000713500000)
 PSPermGen       total 35328K, used 17546K [0x00000006fb800000, 0x00000006fda80000, 0x0000000700a00000)
  object space 35328K, 49% used [0x00000006fb800000,0x00000006fc922870,0x00000006fda80000)

Deoptimization events (10 events):
Event: 2.000 Thread 0x000000000010f800 Uncommon trap: reason=bimorphic action=maybe_recompile pc=0x0000000002671fa8 method=java.util.HashMap.getEntry(Ljava/lang/Object;)Ljava/util/HashMap$Entry; @ 68
Event: 2.000 Thread 0x000000000010f800 Uncommon trap: reason=bimorphic action=maybe_recompile pc=0x0000000002671fa8 method=java.util.HashMap.getEntry(Ljava/lang/Object;)Ljava/util/HashMap$Entry; @ 68
Event: 2.168 Thread 0x000000000010f800 Uncommon trap: reason=null_check action=make_not_entrant pc=0x000000000262b9e4 method=java.lang.String.equals(Ljava/lang/Object;)Z @ 8
Event: 2.179 Thread 0x000000000010f800 Uncommon trap: reason=unreached action=reinterpret pc=0x0000000002668ad8 method=java.lang.AbstractStringBuilder.append(Ljava/lang/String;)Ljava/lang/AbstractStringBuilder; @ 1
Event: 2.179 Thread 0x000000000010f800 Uncommon trap: reason=unreached action=reinterpret pc=0x0000000002669398 method=java.lang.AbstractStringBuilder.append(Ljava/lang/String;)Ljava/lang/AbstractStringBuilder; @ 1
Event: 4.515 Thread 0x0000000015e59800 Uncommon trap: reason=class_check action=maybe_recompile pc=0x000000000267b950 method=java.lang.String.equals(Ljava/lang/Object;)Z @ 8
Event: 4.515 Thread 0x0000000015e59800 Uncommon trap: reason=class_check action=maybe_recompile pc=0x000000000267b950 method=java.lang.String.equals(Ljava/lang/Object;)Z @ 8
Event: 4.706 Thread 0x0000000015e59800 Uncommon trap: reason=class_check action=maybe_recompile pc=0x000000000267b950 method=java.lang.String.equals(Ljava/lang/Object;)Z @ 8
Event: 4.706 Thread 0x0000000015e59800 Uncommon trap: reason=class_check action=maybe_recompile pc=0x000000000267b950 method=java.lang.String.equals(Ljava/lang/Object;)Z @ 8
Event: 9.266 Thread 0x0000000010fc8000 Uncommon trap: reason=unreached action=reinterpret pc=0x00000000026c0b70 method=java.security.AccessControlContext.optimize()Ljava/security/AccessControlContext; @ 23

Internal exceptions (10 events):
Event: 2.346 Thread 0x000000000010f800 Threw 0x00000007ad3108a8 at C:\re\jdk7u67\1368\hotspot\src\share\vm\prims\jvm.cpp:1244
Event: 2.386 Thread 0x000000000010f800 Threw 0x00000007ad313838 at C:\re\jdk7u67\1368\hotspot\src\share\vm\prims\jvm.cpp:1244
Event: 2.392 Thread 0x000000000010f800 Threw 0x00000007ad316f18 at C:\re\jdk7u67\1368\hotspot\src\share\vm\prims\jvm.cpp:1244
Event: 2.406 Thread 0x000000000010f800 Threw 0x00000007ad31a830 at C:\re\jdk7u67\1368\hotspot\src\share\vm\prims\jvm.cpp:1244
Event: 2.419 Thread 0x000000000010f800 Threw 0x00000007ad321660 at C:\re\jdk7u67\1368\hotspot\src\share\vm\prims\jvm.cpp:1244
Event: 2.483 Thread 0x000000000010f800 Threw 0x00000007ad396ba0 at C:\re\jdk7u67\1368\hotspot\src\share\vm\prims\jvm.cpp:1244
Event: 2.498 Thread 0x000000000010f800 Threw 0x00000007ad779320 at C:\re\jdk7u67\1368\hotspot\src\share\vm\prims\jvm.cpp:1244
Event: 2.507 Thread 0x000000000010f800 Threw 0x00000007ad77d348 at C:\re\jdk7u67\1368\hotspot\src\share\vm\prims\jvm.cpp:1244
Event: 2.538 Thread 0x000000000010f800 Threw 0x00000007ad7a8c28 at C:\re\jdk7u67\1368\hotspot\src\share\vm\prims\jvm.cpp:1244
Event: 9.266 Thread 0x0000000010fc8000 Implicit null exception at 0x00000000026c0513 to 0x00000000026c0b59

Events (10 events):
Event: 9.266 Thread 0x0000000010fc8000 Uncommon trap: trap_request=0xffffffad fr.pc=0x00000000026c0b70
Event: 9.266 Thread 0x0000000010fc8000 DEOPT PACKING pc=0x00000000026c0b70 sp=0x000000001347e300
Event: 9.266 Thread 0x0000000010fc8000 DEOPT UNPACKING pc=0x00000000025f75a4 sp=0x000000001347e2a8 mode 2
Event: 9.539 Executing VM operation: ParallelGCFailedAllocation
Event: 10.068 Executing VM operation: ParallelGCFailedAllocation done
Event: 10.624 Executing VM operation: ParallelGCFailedAllocation
Event: 10.654 Executing VM operation: ParallelGCFailedAllocation done
Event: 11.524 Executing VM operation: ParallelGCFailedAllocation
Event: 11.596 Executing VM operation: ParallelGCFailedAllocation done
Event: 12.603 Executing VM operation: ParallelGCFailedAllocation


Dynamic libraries:
0x000000013f850000 - 0x000000013f883000 	C:\Program Files\Java\jdk1.7.0_67\bin\java.exe
0x0000000076e20000 - 0x0000000076fca000 	C:\Windows\SYSTEM32\ntdll.dll
0x0000000076c80000 - 0x0000000076d9f000 	C:\Windows\system32\kernel32.dll
0x000007fefcf30000 - 0x000007fefcf9c000 	C:\Windows\system32\KERNELBASE.dll
0x000007fefd8e0000 - 0x000007fefd9bb000 	C:\Windows\system32\ADVAPI32.dll
0x000007fefd5d0000 - 0x000007fefd66f000 	C:\Windows\system32\msvcrt.dll
0x000007fefda60000 - 0x000007fefda7f000 	C:\Windows\SYSTEM32\sechost.dll
0x000007fefd750000 - 0x000007fefd87d000 	C:\Windows\system32\RPCRT4.dll
0x0000000076b80000 - 0x0000000076c7a000 	C:\Windows\system32\USER32.dll
0x000007fefd3c0000 - 0x000007fefd427000 	C:\Windows\system32\GDI32.dll
0x000007fefe0c0000 - 0x000007fefe0ce000 	C:\Windows\system32\LPK.dll
0x000007fefd0c0000 - 0x000007fefd189000 	C:\Windows\system32\USP10.dll
0x000007fefa300000 - 0x000007fefa4f4000 	C:\Windows\WinSxS\amd64_microsoft.windows.common-controls_6595b64144ccf1df_6.0.7601.17514_none_fa396087175ac9ac\COMCTL32.dll
0x000007fefd190000 - 0x000007fefd201000 	C:\Windows\system32\SHLWAPI.dll
0x000007fefd5a0000 - 0x000007fefd5ce000 	C:\Windows\system32\IMM32.DLL
0x000007fefd490000 - 0x000007fefd599000 	C:\Windows\system32\MSCTF.dll
0x0000000070800000 - 0x00000000708d2000 	C:\Program Files\Java\jdk1.7.0_67\jre\bin\msvcr100.dll
0x0000000064f00000 - 0x00000000656d2000 	C:\Program Files\Java\jdk1.7.0_67\jre\bin\server\jvm.dll
0x000007fef8230000 - 0x000007fef8239000 	C:\Windows\system32\WSOCK32.dll
0x000007fefd890000 - 0x000007fefd8dd000 	C:\Windows\system32\WS2_32.dll
0x000007fefd880000 - 0x000007fefd888000 	C:\Windows\system32\NSI.dll
0x000007fef99b0000 - 0x000007fef99eb000 	C:\Windows\system32\WINMM.dll
0x0000000076ff0000 - 0x0000000076ff7000 	C:\Windows\system32\PSAPI.DLL
0x0000000070c60000 - 0x0000000070c6f000 	C:\Program Files\Java\jdk1.7.0_67\jre\bin\verify.dll
0x0000000070b30000 - 0x0000000070b58000 	C:\Program Files\Java\jdk1.7.0_67\jre\bin\java.dll
0x0000000070b10000 - 0x0000000070b25000 	C:\Program Files\Java\jdk1.7.0_67\jre\bin\zip.dll
0x0000000065a00000 - 0x0000000065a40000 	\\ueahome4\stusci1\drv10qku\data\Documents\NetBeansProjects\ProjectBoarding\PlaneDimensionLibrary.dll
0x00000000625c0000 - 0x0000000062600000 	\\ueahome4\stusci1\drv10qku\data\Documents\NetBeansProjects\ProjectBoarding\SeatingMethodLibrary.dll
0x000007fefc460000 - 0x000007fefc477000 	C:\Windows\system32\CRYPTSP.dll
0x000007fefc160000 - 0x000007fefc1a7000 	C:\Windows\system32\rsaenh.dll
0x000007fefce50000 - 0x000007fefce6e000 	C:\Windows\system32\USERENV.dll
0x000007fefcc70000 - 0x000007fefcc7f000 	C:\Windows\system32\profapi.dll
0x000007fefcb00000 - 0x000007fefcb0f000 	C:\Windows\system32\CRYPTBASE.dll
0x0000000070af0000 - 0x0000000070b09000 	C:\Program Files\Java\jdk1.7.0_67\jre\bin\net.dll
0x000007fefc400000 - 0x000007fefc455000 	C:\Windows\system32\mswsock.dll
0x000007fefc3f0000 - 0x000007fefc3f7000 	C:\Windows\System32\wship6.dll
0x000007fef9e10000 - 0x000007fef9e37000 	C:\Windows\system32\IPHLPAPI.DLL
0x000007fef9e00000 - 0x000007fef9e0b000 	C:\Windows\system32\WINNSI.DLL
0x000007fef9c90000 - 0x000007fef9ca1000 	C:\Windows\system32\dhcpcsvc6.DLL
0x000007fef9af0000 - 0x000007fef9b08000 	C:\Windows\system32\dhcpcsvc.DLL
0x0000000070ad0000 - 0x0000000070ae1000 	C:\Program Files\Java\jdk1.7.0_67\jre\bin\nio.dll
0x000007fefca60000 - 0x000007fefcab7000 	C:\Windows\system32\apphelp.dll
0x00000000637c0000 - 0x00000000637cd000 	C:\Users\drv10qku\AppData\Local\Temp\jogamp_0000\file_cache\jln2201732205639396286\jln7260446506997410236\gluegen-rt.dll
0x0000000070660000 - 0x00000000707f5000 	C:\Program Files\Java\jdk1.7.0_67\jre\bin\awt.dll
0x000007fefd670000 - 0x000007fefd747000 	C:\Windows\system32\OLEAUT32.dll
0x000007fefdeb0000 - 0x000007fefe0b3000 	C:\Windows\system32\ole32.dll
0x000007fefa240000 - 0x000007fefa296000 	C:\Windows\system32\uxtheme.dll
0x000007fef94f0000 - 0x000007fef9508000 	C:\Windows\system32\dwmapi.dll
0x0000000074720000 - 0x0000000074727000 	C:\Program Files\Java\jdk1.7.0_67\jre\bin\jawt.dll
0x000000006a440000 - 0x000000006a44d000 	C:\Users\drv10qku\AppData\Local\Temp\jogamp_0000\file_cache\jln2201732205639396286\jln7260446506997410236\nativewindow_awt.dll
0x000007fef5950000 - 0x000007fef5b4f000 	C:\Windows\system32\d3d9.dll
0x000007fefbd40000 - 0x000007fefbd4c000 	C:\Windows\system32\VERSION.dll
0x000007fef5bc0000 - 0x000007fef5bc7000 	C:\Windows\system32\d3d8thk.dll
0x0000000073b00000 - 0x0000000073bd5000 	C:\Windows\system32\aticfx64.dll
0x000007fefa8b0000 - 0x000007fefa8bd000 	C:\Windows\system32\atiu9p64.dll
0x000000006e5d0000 - 0x000000006eaff000 	C:\Windows\system32\atiumd64.dll
0x0000000071f90000 - 0x000000007234d000 	C:\Windows\system32\atiumd6a.dll
0x000007fefe0d0000 - 0x000007fefee59000 	C:\Windows\system32\SHELL32.dll
0x000000006c100000 - 0x000000006c10f000 	C:\Users\drv10qku\AppData\Local\Temp\jogamp_0000\file_cache\jln2201732205639396286\jln7260446506997410236\nativewindow_win32.dll
0x000007fee1ff0000 - 0x000007fee210d000 	C:\Windows\system32\OpenGL32.dll
0x000007fefad90000 - 0x000007fefadbd000 	C:\Windows\system32\GLU32.dll
0x000007fee1ef0000 - 0x000007fee1fe1000 	C:\Windows\system32\DDRAW.dll
0x000007fefad80000 - 0x000007fefad88000 	C:\Windows\system32\DCIMAN32.dll
0x000007fefdcd0000 - 0x000007fefdea7000 	C:\Windows\system32\SETUPAPI.dll
0x000007fefcfa0000 - 0x000007fefcfd6000 	C:\Windows\system32\CFGMGR32.dll
0x000007fefcc90000 - 0x000007fefccaa000 	C:\Windows\system32\DEVOBJ.dll
0x0000000064500000 - 0x00000000645a2000 	C:\Users\drv10qku\AppData\Local\Temp\jogamp_0000\file_cache\jln2201732205639396286\jln7260446506997410236\jogl_desktop.dll
0x000007fefad70000 - 0x000007fefad78000 	C:\Windows\system32\atig6pxx.dll
0x00000000172f0000 - 0x0000000018a35000 	C:\Windows\system32\atio6axx.dll
0x000007fefacc0000 - 0x000007fefacce000 	C:\Windows\system32\atig6txx.dll
0x0000000180000000 - 0x0000000180061000 	C:\Windows\system32\atiadlxx.dll
0x000007fefbb80000 - 0x000007fefbb91000 	C:\Windows\system32\WTSAPI32.dll
0x000007fefcfe0000 - 0x000007fefd01a000 	C:\Windows\system32\WINTRUST.dll
0x000007fefccc0000 - 0x000007fefce2c000 	C:\Windows\system32\CRYPT32.dll
0x000007fefcc60000 - 0x000007fefcc6f000 	C:\Windows\system32\MSASN1.dll
0x0000000070a80000 - 0x0000000070ac7000 	C:\Program Files\Java\jdk1.7.0_67\jre\bin\fontmanager.dll
0x0000000070610000 - 0x0000000070651000 	C:\Program Files\Java\jdk1.7.0_67\jre\bin\t2k.dll
0x000007fefd9c0000 - 0x000007fefda59000 	C:\Windows\system32\CLBCatQ.DLL
0x000007fefa560000 - 0x000007fefa6c1000 	C:\Windows\system32\WindowsCodecs.dll
0x000007fee6130000 - 0x000007fee636d000 	C:\PROGRA~1\MICROS~1\Office15\GROOVEEX.DLL
0x0000000074200000 - 0x0000000074298000 	C:\Windows\system32\MSVCP100.dll
0x0000000074660000 - 0x000000007468b000 	C:\Windows\system32\ATL100.DLL
0x000007fef71e0000 - 0x000007fef74fe000 	C:\Windows\system32\msi.dll
0x000007fee3ef0000 - 0x000007fee476d000 	C:\PROGRA~1\MICROS~1\Office15\1033\GrooveIntlResource.dll
0x000007fef5740000 - 0x000007fef5775000 	C:\Windows\system32\EhStorShell.dll
0x000007fefb210000 - 0x000007fefb33c000 	C:\Windows\system32\PROPSYS.dll
0x000007fef3010000 - 0x000007fef308e000 	C:\Windows\System32\cscui.dll
0x000007fef9390000 - 0x000007fef939c000 	C:\Windows\System32\CSCDLL.dll
0x000007fef5bd0000 - 0x000007fef5bdf000 	C:\Windows\system32\CSCAPI.dll
0x000007fef4260000 - 0x000007fef42e0000 	C:\Windows\system32\ntshrui.dll
0x000007fefc930000 - 0x000007fefc953000 	C:\Windows\system32\srvcli.dll
0x000007fef9f00000 - 0x000007fef9f0b000 	C:\Windows\system32\slc.dll
0x000007fef5310000 - 0x000007fef5435000 	C:\Windows\system32\dbghelp.dll

VM Arguments:
jvm_args: -Dfile.encoding=UTF-8 
java_command: projectboarding.ProjectBoarding
Launcher Type: SUN_STANDARD

Environment Variables:
JAVA_HOME=C:\Program Files\Java\jdk1.7.0_67
CLASSPATH=.;C:\Program Files (x86)\Java\jre7\lib\ext\QTJava.zip
PATH=C:\Apps\Mingw\bin;C:\Apps\Mingw\mingw32\bin;C:\Apps\Mingw\msys\1.0\bin;C:\Apps\cmds;TEXPATH\bin\win32;C:\Apps\pgsql93\bin\;c:\Qt\4.8.3\bin;C:\windows\system32;c:\windows;C:\Windows\System32\WindowsPowerShell\v1.0\
USERNAME=drv10qku
OS=Windows_NT
PROCESSOR_IDENTIFIER=Intel64 Family 6 Model 42 Stepping 7, GenuineIntel



---------------  S Y S T E M  ---------------

OS: Windows 7 , 64 bit Build 7601 Service Pack 1

CPU:total 8 (4 cores per cpu, 2 threads per core) family 6 model 42 stepping 7, cmov, cx8, fxsr, mmx, sse, sse2, sse3, ssse3, sse4.1, sse4.2, popcnt, avx, aes, ht, tsc, tscinvbit

Memory: 4k page, physical 16729596k(11939720k free), swap 33457336k(28072136k free)

vm_info: Java HotSpot(TM) 64-Bit Server VM (24.65-b04) for windows-amd64 JRE (1.7.0_67-b01), built on Jul 25 2014 08:55:00 by "java_re" with unknown MS VC++:1600

time: Fri Nov 28 15:45:53 2014
elapsed time: 12 seconds

